The system is: Linux - 2.6.32-504.3.3.el6.x86_64 - x86_64
Compiling the C compiler identification source file "CMakeCCompilerId.c" succeeded.
Compiler: /afs/cern.ch/sw/lcg/contrib/gcc/4.7/x86_64-slc6/bin/gcc 
Build flags: 
Id flags: 

The output was:
0


Compilation of the C compiler identification source "CMakeCCompilerId.c" produced "a.out"

The C compiler identification is GNU, found in "/mnt/t3nfs01/data01/shome/micheli/geant4/EEShashlikSimulation/H4OpticalSmall_Ideal2016/cmake/CMakeFiles/CompilerIdC/a.out"

Compiling the CXX compiler identification source file "CMakeCXXCompilerId.cpp" succeeded.
Compiler: /afs/cern.ch/sw/lcg/contrib/gcc/4.7/x86_64-slc6/bin/g++ 
Build flags: 
Id flags: 

The output was:
0
CMakeCXXCompilerId.cpp:67:58: warning: deprecated conversion from string constant to ‘char*’ [-Wwrite-strings]
CMakeCXXCompilerId.cpp:157:58: warning: deprecated conversion from string constant to ‘char*’ [-Wwrite-strings]


Compilation of the CXX compiler identification source "CMakeCXXCompilerId.cpp" produced "a.out"

The CXX compiler identification is GNU, found in "/mnt/t3nfs01/data01/shome/micheli/geant4/EEShashlikSimulation/H4OpticalSmall_Ideal2016/cmake/CMakeFiles/CompilerIdCXX/a.out"

Determining if the C compiler works passed with the following output:
Change Dir: /mnt/t3nfs01/data01/shome/micheli/geant4/EEShashlikSimulation/H4OpticalSmall_Ideal2016/cmake/CMakeFiles/CMakeTmp

Run Build Command:/usr/bin/gmake "cmTryCompileExec/fast"
/usr/bin/gmake -f CMakeFiles/cmTryCompileExec.dir/build.make CMakeFiles/cmTryCompileExec.dir/build
gmake[1]: Entering directory `/mnt/t3nfs01/data01/shome/micheli/geant4/EEShashlikSimulation/H4OpticalSmall_Ideal2016/cmake/CMakeFiles/CMakeTmp'
/usr/bin/cmake -E cmake_progress_report /mnt/t3nfs01/data01/shome/micheli/geant4/EEShashlikSimulation/H4OpticalSmall_Ideal2016/cmake/CMakeFiles/CMakeTmp/CMakeFiles 1
Building C object CMakeFiles/cmTryCompileExec.dir/testCCompiler.c.o
/afs/cern.ch/sw/lcg/contrib/gcc/4.7/x86_64-slc6/bin/gcc    -o CMakeFiles/cmTryCompileExec.dir/testCCompiler.c.o   -c /mnt/t3nfs01/data01/shome/micheli/geant4/EEShashlikSimulation/H4OpticalSmall_Ideal2016/cmake/CMakeFiles/CMakeTmp/testCCompiler.c
Linking C executable cmTryCompileExec
/usr/bin/cmake -E cmake_link_script CMakeFiles/cmTryCompileExec.dir/link.txt --verbose=1
/afs/cern.ch/sw/lcg/contrib/gcc/4.7/x86_64-slc6/bin/gcc       -fPIC CMakeFiles/cmTryCompileExec.dir/testCCompiler.c.o  -o cmTryCompileExec -rdynamic 
gmake[1]: Leaving directory `/mnt/t3nfs01/data01/shome/micheli/geant4/EEShashlikSimulation/H4OpticalSmall_Ideal2016/cmake/CMakeFiles/CMakeTmp'


Detecting C compiler ABI info compiled with the following output:
Change Dir: /mnt/t3nfs01/data01/shome/micheli/geant4/EEShashlikSimulation/H4OpticalSmall_Ideal2016/cmake/CMakeFiles/CMakeTmp

Run Build Command:/usr/bin/gmake "cmTryCompileExec/fast"
/usr/bin/gmake -f CMakeFiles/cmTryCompileExec.dir/build.make CMakeFiles/cmTryCompileExec.dir/build
gmake[1]: Entering directory `/mnt/t3nfs01/data01/shome/micheli/geant4/EEShashlikSimulation/H4OpticalSmall_Ideal2016/cmake/CMakeFiles/CMakeTmp'
/usr/bin/cmake -E cmake_progress_report /mnt/t3nfs01/data01/shome/micheli/geant4/EEShashlikSimulation/H4OpticalSmall_Ideal2016/cmake/CMakeFiles/CMakeTmp/CMakeFiles 1
Building C object CMakeFiles/cmTryCompileExec.dir/CMakeCCompilerABI.c.o
/afs/cern.ch/sw/lcg/contrib/gcc/4.7/x86_64-slc6/bin/gcc    -o CMakeFiles/cmTryCompileExec.dir/CMakeCCompilerABI.c.o   -c /usr/share/cmake/Modules/CMakeCCompilerABI.c
Linking C executable cmTryCompileExec
/usr/bin/cmake -E cmake_link_script CMakeFiles/cmTryCompileExec.dir/link.txt --verbose=1
/afs/cern.ch/sw/lcg/contrib/gcc/4.7/x86_64-slc6/bin/gcc       -fPIC CMakeFiles/cmTryCompileExec.dir/CMakeCCompilerABI.c.o  -o cmTryCompileExec -rdynamic 
gmake[1]: Leaving directory `/mnt/t3nfs01/data01/shome/micheli/geant4/EEShashlikSimulation/H4OpticalSmall_Ideal2016/cmake/CMakeFiles/CMakeTmp'


Determining if the CXX compiler works passed with the following output:
Change Dir: /mnt/t3nfs01/data01/shome/micheli/geant4/EEShashlikSimulation/H4OpticalSmall_Ideal2016/cmake/CMakeFiles/CMakeTmp

Run Build Command:/usr/bin/gmake "cmTryCompileExec/fast"
/usr/bin/gmake -f CMakeFiles/cmTryCompileExec.dir/build.make CMakeFiles/cmTryCompileExec.dir/build
gmake[1]: Entering directory `/mnt/t3nfs01/data01/shome/micheli/geant4/EEShashlikSimulation/H4OpticalSmall_Ideal2016/cmake/CMakeFiles/CMakeTmp'
/usr/bin/cmake -E cmake_progress_report /mnt/t3nfs01/data01/shome/micheli/geant4/EEShashlikSimulation/H4OpticalSmall_Ideal2016/cmake/CMakeFiles/CMakeTmp/CMakeFiles 1
Building CXX object CMakeFiles/cmTryCompileExec.dir/testCXXCompiler.cxx.o
/afs/cern.ch/sw/lcg/contrib/gcc/4.7/x86_64-slc6/bin/g++     -o CMakeFiles/cmTryCompileExec.dir/testCXXCompiler.cxx.o -c /mnt/t3nfs01/data01/shome/micheli/geant4/EEShashlikSimulation/H4OpticalSmall_Ideal2016/cmake/CMakeFiles/CMakeTmp/testCXXCompiler.cxx
Linking CXX executable cmTryCompileExec
/usr/bin/cmake -E cmake_link_script CMakeFiles/cmTryCompileExec.dir/link.txt --verbose=1
/afs/cern.ch/sw/lcg/contrib/gcc/4.7/x86_64-slc6/bin/g++        -fPIC CMakeFiles/cmTryCompileExec.dir/testCXXCompiler.cxx.o  -o cmTryCompileExec -rdynamic 
gmake[1]: Leaving directory `/mnt/t3nfs01/data01/shome/micheli/geant4/EEShashlikSimulation/H4OpticalSmall_Ideal2016/cmake/CMakeFiles/CMakeTmp'


Detecting CXX compiler ABI info compiled with the following output:
Change Dir: /mnt/t3nfs01/data01/shome/micheli/geant4/EEShashlikSimulation/H4OpticalSmall_Ideal2016/cmake/CMakeFiles/CMakeTmp

Run Build Command:/usr/bin/gmake "cmTryCompileExec/fast"
/usr/bin/gmake -f CMakeFiles/cmTryCompileExec.dir/build.make CMakeFiles/cmTryCompileExec.dir/build
gmake[1]: Entering directory `/mnt/t3nfs01/data01/shome/micheli/geant4/EEShashlikSimulation/H4OpticalSmall_Ideal2016/cmake/CMakeFiles/CMakeTmp'
/usr/bin/cmake -E cmake_progress_report /mnt/t3nfs01/data01/shome/micheli/geant4/EEShashlikSimulation/H4OpticalSmall_Ideal2016/cmake/CMakeFiles/CMakeTmp/CMakeFiles 1
Building CXX object CMakeFiles/cmTryCompileExec.dir/CMakeCXXCompilerABI.cpp.o
/afs/cern.ch/sw/lcg/contrib/gcc/4.7/x86_64-slc6/bin/g++     -o CMakeFiles/cmTryCompileExec.dir/CMakeCXXCompilerABI.cpp.o -c /usr/share/cmake/Modules/CMakeCXXCompilerABI.cpp
Linking CXX executable cmTryCompileExec
/usr/bin/cmake -E cmake_link_script CMakeFiles/cmTryCompileExec.dir/link.txt --verbose=1
/afs/cern.ch/sw/lcg/contrib/gcc/4.7/x86_64-slc6/bin/g++        -fPIC CMakeFiles/cmTryCompileExec.dir/CMakeCXXCompilerABI.cpp.o  -o cmTryCompileExec -rdynamic 
gmake[1]: Leaving directory `/mnt/t3nfs01/data01/shome/micheli/geant4/EEShashlikSimulation/H4OpticalSmall_Ideal2016/cmake/CMakeFiles/CMakeTmp'


